C:\USERS\HUANGLJ\DESKTOP\TESTCPP1\C++PRIMIER\DEBUG\MAIN.OBJ
C:\USERS\HUANGLJ\DESKTOP\TESTCPP1\C++PRIMIER\DEBUG\VC110.PDB
C:\USERS\HUANGLJ\DESKTOP\TESTCPP1\DEBUG\C++PRIMIER.ILK
C:\USERS\HUANGLJ\DESKTOP\TESTCPP1\DEBUG\C++PRIMIER.EXE
C:\USERS\HUANGLJ\DESKTOP\TESTCPP1\DEBUG\C++PRIMIER.PDB
C:\Users\huanglj\Desktop\TestCpp1\C++Primier\Debug\main.obj
C:\Users\huanglj\Desktop\TestCpp1\C++Primier\Debug\cl.command.1.tlog
C:\Users\huanglj\Desktop\TestCpp1\C++Primier\Debug\CL.read.1.tlog
C:\Users\huanglj\Desktop\TestCpp1\C++Primier\Debug\CL.write.1.tlog
C:\Users\huanglj\Desktop\TestCpp1\C++Primier\Debug\link-cvtres.read.1.tlog
C:\Users\huanglj\Desktop\TestCpp1\C++Primier\Debug\link-cvtres.write.1.tlog
C:\Users\huanglj\Desktop\TestCpp1\C++Primier\Debug\link-rc.read.1.tlog
C:\Users\huanglj\Desktop\TestCpp1\C++Primier\Debug\link-rc.write.1.tlog
C:\Users\huanglj\Desktop\TestCpp1\C++Primier\Debug\link.command.1.tlog
C:\Users\huanglj\Desktop\TestCpp1\C++Primier\Debug\link.read.1.tlog
C:\Users\huanglj\Desktop\TestCpp1\C++Primier\Debug\link.write.1.tlog
C:\Users\huanglj\Desktop\TestCpp1\C++Primier\Debug\vc110.idb
C:\Users\huanglj\Desktop\TestCpp1\C++Primier\Debug\vc110.pdb
C:\Users\huanglj\Desktop\TestCpp1\Debug\C++Primier.pdb
C:\Users\huanglj\Desktop\TestCpp1\Debug\C++Primier.exe
C:\Users\huanglj\Desktop\TestCpp1\Debug\C++Primier.ilk
